<?xml version="1.0" encoding="UTF-8"?>
<testng-results ignored="0" total="1" passed="1" failed="0" skipped="0">
  <reporter-output>
  </reporter-output>
  <suite started-at="2023-02-26T12:41:30 IST" name="Default suite" finished-at="2023-02-26T12:41:31 IST" duration-ms="1023">
    <groups>
    </groups>
    <test started-at="2023-02-26T12:41:30 IST" name="Default test" finished-at="2023-02-26T12:41:31 IST" duration-ms="1023">
      <class name="Project1.Livpro2.SumValidation">
        <test-method signature="sumOfCourses()[pri:0, instance:Project1.Livpro2.SumValidation@2abf4075]" started-at="2023-02-26T12:41:30 IST" name="sumOfCourses" finished-at="2023-02-26T12:41:31 IST" duration-ms="987" status="PASS">
          <reporter-output>
          </reporter-output>
        </test-method> <!-- sumOfCourses -->
      </class> <!-- Project1.Livpro2.SumValidation -->
    </test> <!-- Default test -->
  </suite> <!-- Default suite -->
</testng-results>
